[21:23:04] [main/INFO] (FabricLoader/GameProvider) Loading Minecraft 1.20.4 with Fabric Loader 0.15.6
[21:23:04] [main/INFO] (FabricLoader) Loading 57 mods:
	- da 1.0-SNAPSHOT
	- fabric-api 0.95.1+1.20.4
	- fabric-api-base 0.4.36+78d798af4f
	- fabric-api-lookup-api-v1 1.6.47+82b1bb3e4f
	- fabric-biome-api-v1 13.0.16+78d798af4f
	- fabric-block-api-v1 1.0.15+78d798af4f
	- fabric-block-view-api-v2 1.0.4+78d798af4f
	- fabric-blockrenderlayer-v1 1.1.46+78d798af4f
	- fabric-client-tags-api-v1 1.1.7+78d798af4f
	- fabric-command-api-v1 1.2.41+f71b366f4f
	- fabric-command-api-v2 2.2.20+78d798af4f
	- fabric-commands-v0 0.2.58+df3654b34f
	- fabric-containers-v0 0.1.86+df3654b34f
	- fabric-content-registries-v0 5.0.10+78d798af4f
	- fabric-convention-tags-v1 1.5.10+78d798af4f
	- fabric-crash-report-info-v1 0.2.23+78d798af4f
	- fabric-data-attachment-api-v1 1.0.0+25e1b4764f
	- fabric-data-generation-api-v1 13.1.22+78d798af4f
	- fabric-dimensions-v1 2.1.61+78d798af4f
	- fabric-entity-events-v1 1.6.0+44c0f8c64f
	- fabric-events-interaction-v0 0.7.1+389931eb4f
	- fabric-events-lifecycle-v0 0.2.72+df3654b34f
	- fabric-game-rule-api-v1 1.0.46+78d798af4f
	- fabric-gametest-api-v1 1.3.1+85d85a934f
	- fabric-item-api-v1 2.2.0+d6f2b0844f
	- fabric-item-group-api-v1 4.0.21+78d798af4f
	- fabric-key-binding-api-v1 1.0.41+78d798af4f
	- fabric-keybindings-v0 0.2.39+df3654b34f
	- fabric-lifecycle-events-v1 2.2.30+78d798af4f
	- fabric-loot-api-v2 2.1.5+78d798af4f
	- fabric-message-api-v1 6.0.5+78d798af4f
	- fabric-mining-level-api-v1 2.1.60+78d798af4f
	- fabric-model-loading-api-v1 1.0.8+78d798af4f
	- fabric-models-v0 0.4.7+9386d8a74f
	- fabric-networking-api-v1 3.1.7+2e5ac5484f
	- fabric-object-builder-api-v1 13.0.9+06274a474f
	- fabric-particles-v1 1.1.7+78d798af4f
	- fabric-recipe-api-v1 2.0.20+78d798af4f
	- fabric-registry-sync-v0 4.0.18+78d798af4f
	- fabric-renderer-api-v1 3.2.4+78d798af4f
	- fabric-renderer-indigo 1.5.4+78d798af4f
	- fabric-renderer-registries-v1 3.2.52+df3654b34f
	- fabric-rendering-data-attachment-v1 0.3.42+73761d2e4f
	- fabric-rendering-fluids-v1 3.0.33+78d798af4f
	- fabric-rendering-v0 1.1.55+df3654b34f
	- fabric-rendering-v1 3.1.0+0d29db764f
	- fabric-resource-conditions-api-v1 2.3.14+78d798af4f
	- fabric-resource-loader-v0 0.11.16+78d798af4f
	- fabric-screen-api-v1 2.0.17+78d798af4f
	- fabric-screen-handler-api-v1 1.3.55+78d798af4f
	- fabric-sound-api-v1 1.0.17+78d798af4f
	- fabric-transfer-api-v1 4.0.8+e84342304f
	- fabric-transitive-access-wideners-v1 5.0.14+78d798af4f
	- fabricloader 0.15.6
	- java 17
	- minecraft 1.20.4
	- mixinextras 0.3.2
[21:23:04] [main/INFO] (FabricLoader/Mixin) SpongePowered MIXIN Subsystem Version=0.8.5 Source=file:/C:/Users/vlaso/.gradle/caches/modules-2/files-2.1/net.fabricmc/sponge-mixin/0.12.5+mixin.0.8.5/8d31fb97c3e0cd7c8dad3441851c523bcfae6d8e/sponge-mixin-0.12.5+mixin.0.8.5.jar Service=Knot/Fabric Env=CLIENT
[21:23:05] [main/INFO] (FabricLoader/Mixin) Loaded Fabric development mappings for mixin remapper!
[21:23:05] [main/INFO] (FabricLoader/Mixin) Compatibility level set to JAVA_17
[21:23:06] [main/INFO] (FabricLoader/MixinExtras|Service) Initializing MixinExtras via com.llamalad7.mixinextras.service.MixinExtrasServiceImpl(version=0.3.2).
[21:23:13] [Datafixer Bootstrap/INFO] (Minecraft) 198 Datafixer optimizations took 185 milliseconds
[21:23:16] [Render thread/INFO] (Minecraft) Environment: Environment[sessionHost=https://sessionserver.mojang.com, servicesHost=https://api.minecraftservices.com, name=PROD]
[21:23:16] [Render thread/INFO] (Minecraft) Setting user: Player401
[21:23:17] [Render thread/INFO] (fabric-networking-api-v1) Force Packet Serialization is enabled to mimic remote connection on single player, this is the default behaviour on dev env. Add -Dfabric-api.networking.force-packet-serialization=false JVM arg to disable it.
[21:23:17] [Render thread/INFO] (Indigo) [Indigo] Registering Indigo renderer!
[21:23:17] [Download-2/ERROR] (Minecraft) Failed to fetch user properties
com.mojang.authlib.exceptions.InvalidCredentialsException: Status: 401
	at com.mojang.authlib.exceptions.MinecraftClientHttpException.toAuthenticationException(MinecraftClientHttpException.java:59) ~[authlib-6.0.52.jar:?]
	at com.mojang.authlib.yggdrasil.YggdrasilUserApiService.fetchProperties(YggdrasilUserApiService.java:150) ~[authlib-6.0.52.jar:?]
	at net.minecraft.client.MinecraftClient.method_55608(MinecraftClient.java:467) ~[minecraft-merged-67dccd55cc-1.20.4-net.fabricmc.yarn.1_20_4.1.20.4+build.3-v2.jar:?]
	at java.util.concurrent.CompletableFuture$AsyncSupply.run(CompletableFuture.java:1768) ~[?:?]
	at java.util.concurrent.ThreadPoolExecutor.runWorker(ThreadPoolExecutor.java:1136) ~[?:?]
	at java.util.concurrent.ThreadPoolExecutor$Worker.run(ThreadPoolExecutor.java:635) ~[?:?]
	at java.lang.Thread.run(Thread.java:840) ~[?:?]
Caused by: com.mojang.authlib.exceptions.MinecraftClientHttpException: Status: 401
	at com.mojang.authlib.minecraft.client.MinecraftClient.readInputStream(MinecraftClient.java:100) ~[authlib-6.0.52.jar:?]
	at com.mojang.authlib.minecraft.client.MinecraftClient.get(MinecraftClient.java:57) ~[authlib-6.0.52.jar:?]
	at com.mojang.authlib.yggdrasil.YggdrasilUserApiService.fetchProperties(YggdrasilUserApiService.java:121) ~[authlib-6.0.52.jar:?]
	... 5 more
[21:23:18] [Render thread/INFO] (Minecraft) Backend library: LWJGL version 3.3.2-snapshot
[21:23:20] [Render thread/INFO] (Minecraft) Reloading ResourceManager: vanilla, fabric (fabric-dimensions-v1, fabric-particles-v1, fabric-entity-events-v1, da, fabric-mining-level-api-v1, fabric-rendering-v0, fabric-rendering-fluids-v1, fabric-recipe-api-v1, fabric-containers-v0, fabric-models-v0, fabric-renderer-indigo, fabric-block-api-v1, fabric-command-api-v1, fabric-screen-handler-api-v1, fabric-command-api-v2, fabric-transfer-api-v1, fabric-resource-conditions-api-v1, fabric-sound-api-v1, fabric-blockrenderlayer-v1, fabric-rendering-v1, fabric-object-builder-api-v1, fabric-rendering-data-attachment-v1, fabric-client-tags-api-v1, fabric-api, fabric-renderer-registries-v1, fabric-lifecycle-events-v1, fabric-renderer-api-v1, fabric-registry-sync-v0, fabric-message-api-v1, fabric-keybindings-v0, fabric-convention-tags-v1, fabric-events-lifecycle-v0, fabric-data-attachment-api-v1, fabric-networking-api-v1, fabric-content-registries-v0, fabric-crash-report-info-v1, fabric-item-group-api-v1, fabric-transitive-access-wideners-v1, fabric-key-binding-api-v1, fabric-loot-api-v2, fabric-data-generation-api-v1, fabric-game-rule-api-v1, fabric-events-interaction-v0, fabric-gametest-api-v1, fabric-commands-v0, fabric-biome-api-v1, fabric-model-loading-api-v1, fabric-resource-loader-v0, fabric-screen-api-v1, fabricloader, fabric-api-lookup-api-v1, fabric-api-base, fabric-item-api-v1, fabric-block-view-api-v2)
[21:23:20] [Worker-Main-5/INFO] (Minecraft) Found unifont_all_no_pua-15.1.04.hex, loading
[21:23:22] [Render thread/WARN] (Minecraft) Missing sound for event: minecraft:item.goat_horn.play
[21:23:22] [Render thread/WARN] (Minecraft) Missing sound for event: minecraft:entity.goat.screaming.horn_break
[21:23:22] [Render thread/INFO] (Minecraft) OpenAL initialized on device OpenAL Soft on Наушники (JBL WAVE300TWS)
[21:23:22] [Render thread/INFO] (Minecraft) Sound engine started
[21:23:22] [Render thread/INFO] (Minecraft) Created: 1024x512x4 minecraft:textures/atlas/blocks.png-atlas
[21:23:22] [Render thread/INFO] (Minecraft) Created: 256x256x4 minecraft:textures/atlas/signs.png-atlas
[21:23:22] [Render thread/INFO] (Minecraft) Created: 512x512x4 minecraft:textures/atlas/shield_patterns.png-atlas
[21:23:22] [Render thread/INFO] (Minecraft) Created: 512x512x4 minecraft:textures/atlas/banner_patterns.png-atlas
[21:23:22] [Render thread/INFO] (Minecraft) Created: 1024x1024x4 minecraft:textures/atlas/armor_trims.png-atlas
[21:23:22] [Render thread/INFO] (Minecraft) Created: 128x64x4 minecraft:textures/atlas/decorated_pot.png-atlas
[21:23:22] [Render thread/INFO] (Minecraft) Created: 256x256x4 minecraft:textures/atlas/chest.png-atlas
[21:23:22] [Render thread/INFO] (Minecraft) Created: 512x256x4 minecraft:textures/atlas/beds.png-atlas
[21:23:22] [Render thread/INFO] (Minecraft) Created: 512x256x4 minecraft:textures/atlas/shulker_boxes.png-atlas
[21:23:22] [Render thread/WARN] (Minecraft) Shader rendertype_entity_translucent_emissive could not find sampler named Sampler2 in the specified shader program.
[21:23:23] [Render thread/INFO] (Minecraft) Created: 512x256x0 minecraft:textures/atlas/particles.png-atlas
[21:23:23] [Render thread/INFO] (Minecraft) Created: 256x256x0 minecraft:textures/atlas/paintings.png-atlas
[21:23:23] [Render thread/INFO] (Minecraft) Created: 128x128x0 minecraft:textures/atlas/mob_effects.png-atlas
[21:23:23] [Render thread/INFO] (Minecraft) Created: 1024x512x0 minecraft:textures/atlas/gui.png-atlas
[21:23:24] [IO-Worker-1/INFO] (Minecraft) Could not authorize you against Realms server: Invalid session id
[21:23:24] [IO-Worker-1/ERROR] (Minecraft) Couldn't connect to realms
net.minecraft.client.realms.exception.RealmsServiceException: Realms authentication error with message 'Invalid session id'
	at net.minecraft.client.realms.RealmsClient.execute(RealmsClient.java:447) ~[minecraft-merged-67dccd55cc-1.20.4-net.fabricmc.yarn.1_20_4.1.20.4+build.3-v2.jar:?]
	at net.minecraft.client.realms.RealmsClient.clientCompatible(RealmsClient.java:232) ~[minecraft-merged-67dccd55cc-1.20.4-net.fabricmc.yarn.1_20_4.1.20.4+build.3-v2.jar:?]
	at net.minecraft.client.realms.RealmsAvailability.method_52627(RealmsAvailability.java:45) ~[minecraft-merged-67dccd55cc-1.20.4-net.fabricmc.yarn.1_20_4.1.20.4+build.3-v2.jar:?]
	at java.util.concurrent.CompletableFuture$AsyncSupply.run(CompletableFuture.java:1768) ~[?:?]
	at java.util.concurrent.ThreadPoolExecutor.runWorker(ThreadPoolExecutor.java:1136) ~[?:?]
	at java.util.concurrent.ThreadPoolExecutor$Worker.run(ThreadPoolExecutor.java:635) ~[?:?]
	at java.lang.Thread.run(Thread.java:840) ~[?:?]
[21:23:39] [Render thread/INFO] (Minecraft) Loaded 7 recipes
[21:23:39] [Render thread/INFO] (Minecraft) Loaded 1271 advancements
[21:23:40] [Render thread/INFO] (BiomeModificationImpl) Applied 0 biome modifications to 0 of 64 new biomes in 1.543 ms
[21:23:40] [Server thread/INFO] (Minecraft) Starting integrated minecraft server version 1.20.4
[21:23:40] [Server thread/INFO] (Minecraft) Generating keypair
[21:23:41] [Server thread/INFO] (Minecraft) Preparing start region for dimension minecraft:overworld
[21:23:46] [Render thread/INFO] (Minecraft) Подготовка области возрождения: 0%
[21:23:46] [Render thread/INFO] (Minecraft) Подготовка области возрождения: 0%
[21:23:46] [Render thread/INFO] (Minecraft) Подготовка области возрождения: 0%
[21:23:46] [Render thread/INFO] (Minecraft) Подготовка области возрождения: 0%
[21:23:46] [Render thread/INFO] (Minecraft) Подготовка области возрождения: 0%
[21:23:46] [Render thread/INFO] (Minecraft) Подготовка области возрождения: 0%
[21:23:46] [Render thread/INFO] (Minecraft) Подготовка области возрождения: 0%
[21:23:46] [Render thread/INFO] (Minecraft) Подготовка области возрождения: 0%
[21:23:46] [Render thread/INFO] (Minecraft) Подготовка области возрождения: 0%
[21:23:46] [Render thread/INFO] (Minecraft) Подготовка области возрождения: 0%
[21:23:46] [Render thread/INFO] (Minecraft) Подготовка области возрождения: 0%
[21:23:47] [Render thread/INFO] (Minecraft) Подготовка области возрождения: 35%
[21:23:47] [Render thread/INFO] (Minecraft) Подготовка области возрождения: 91%
[21:23:47] [Render thread/INFO] (Minecraft) Time elapsed: 6076 ms
[21:23:48] [Server thread/INFO] (Minecraft) Changing view distance to 12, from 10
[21:23:48] [Server thread/INFO] (Minecraft) Changing simulation distance to 12, from 0
[21:23:49] [Server thread/INFO] (Minecraft) Player401[local:E:b193d9c6] logged in with entity id 184 at (-381.20140402095575, 71.0, 258.80837164967966)
[21:23:49] [Server thread/INFO] (Minecraft) Player401 присоединился к игре
[21:23:50] [Render thread/INFO] (Minecraft) Loaded 2 advancements
[21:23:55] [Server thread/INFO] (Minecraft) Saving and pausing game...
[21:23:55] [Server thread/INFO] (Minecraft) Saving chunks for level 'ServerLevel[Новый мир]'/minecraft:overworld
[21:23:55] [Server thread/INFO] (Minecraft) Saving chunks for level 'ServerLevel[Новый мир]'/minecraft:the_end
[21:23:55] [Server thread/INFO] (Minecraft) Saving chunks for level 'ServerLevel[Новый мир]'/minecraft:the_nether
[21:27:24] [Server thread/INFO] (Minecraft) Player401 lost connection: Отключение
[21:27:24] [Server thread/INFO] (Minecraft) Player401 покинул игру
[21:27:24] [Server thread/INFO] (Minecraft) Stopping singleplayer server as player logged out
[21:27:24] [Server thread/INFO] (Minecraft) Stopping server
[21:27:24] [Server thread/INFO] (Minecraft) Saving players
[21:27:24] [Server thread/INFO] (Minecraft) Saving worlds
[21:27:27] [Server thread/INFO] (Minecraft) Saving chunks for level 'ServerLevel[Новый мир]'/minecraft:overworld
[21:27:27] [Server thread/INFO] (Minecraft) Saving chunks for level 'ServerLevel[Новый мир]'/minecraft:the_end
[21:27:27] [Server thread/INFO] (Minecraft) Saving chunks for level 'ServerLevel[Новый мир]'/minecraft:the_nether
[21:27:27] [Server thread/INFO] (Minecraft) ThreadedAnvilChunkStorage (Новый мир): All chunks are saved
[21:27:27] [Server thread/INFO] (Minecraft) ThreadedAnvilChunkStorage (DIM1): All chunks are saved
[21:27:27] [Server thread/INFO] (Minecraft) ThreadedAnvilChunkStorage (DIM-1): All chunks are saved
[21:27:27] [Server thread/INFO] (Minecraft) ThreadedAnvilChunkStorage: All dimensions are saved
[21:27:30] [Render thread/INFO] (Minecraft) Stopping!
